2023-03-11 17:51:32.020 [info] Extension host with pid 5423 started
2023-03-11 17:51:32.105 [info] ExtensionService#_doActivateExtension vscode.emmet, startup: false, activationEvent: 'onLanguage'
2023-03-11 17:51:32.107 [info] ExtensionService#_doActivateExtension vscode.git-base, startup: true, activationEvent: '*', root cause: vscode.git
2023-03-11 17:51:32.168 [info] Lock '/home/frank/.vscode-server/data/User/workspaceStorage/06dc66c1b7e7f8e3d324bc554d5a0b3f/vscode.lock': Lock acquired.
2023-03-11 17:51:32.272 [info] ExtensionService#_doActivateExtension vscode.git, startup: true, activationEvent: '*'
2023-03-11 17:51:32.336 [info] ExtensionService#_doActivateExtension vscode.github, startup: true, activationEvent: '*'
2023-03-11 17:51:32.847 [info] Eager extensions activated
2023-03-11 17:51:32.849 [info] ExtensionService#_doActivateExtension vscode.debug-auto-launch, startup: false, activationEvent: 'onStartupFinished'
2023-03-11 17:51:32.853 [info] ExtensionService#_doActivateExtension vscode.merge-conflict, startup: false, activationEvent: 'onStartupFinished'
2023-03-11 17:51:34.720 [info] ExtensionService#_doActivateExtension vscode.configuration-editing, startup: false, activationEvent: 'onLanguage:jsonc'
2023-03-11 17:51:34.723 [info] ExtensionService#_doActivateExtension vscode.json-language-features, startup: false, activationEvent: 'onLanguage:jsonc'
2023-03-11 17:51:34.724 [info] ExtensionService#_doActivateExtension vscode.typescript-language-features, startup: false, activationEvent: 'onLanguage:jsonc'
2023-03-11 17:53:10.034 [info] ExtensionService#_doActivateExtension vscode.npm, startup: false, activationEvent: 'onTerminalQuickFixRequest:ms-vscode.npm-command'
2023-03-11 17:54:19.738 [info] Extension host terminating: received terminate message from renderer
2023-03-11 17:54:19.740 [info] Lock '/home/frank/.vscode-server/data/User/workspaceStorage/06dc66c1b7e7f8e3d324bc554d5a0b3f/vscode.lock': Marking the lockfile as scheduled to be released in 6000 ms.
2023-03-11 17:54:20.208 [error] Canceled: Canceled
	at new l (/home/frank/.vscode-server/bin/5e805b79fcb6ba4c2d23712967df89a089da575b/out/vs/workbench/api/node/extensionHostProcess.js:96:88793)
	at a.O (/home/frank/.vscode-server/bin/5e805b79fcb6ba4c2d23712967df89a089da575b/out/vs/workbench/api/node/extensionHostProcess.js:106:11260)
	at Proxy.V.<computed>.Q.charCodeAt.V.<computed> (/home/frank/.vscode-server/bin/5e805b79fcb6ba4c2d23712967df89a089da575b/out/vs/workbench/api/node/extensionHostProcess.js:106:8550)
	at c.g (/home/frank/.vscode-server/bin/5e805b79fcb6ba4c2d23712967df89a089da575b/out/vs/workbench/api/node/extensionHostProcess.js:96:108198)
	at c.executeCommand (/home/frank/.vscode-server/bin/5e805b79fcb6ba4c2d23712967df89a089da575b/out/vs/workbench/api/node/extensionHostProcess.js:96:107574)
	at N.registerCommand.description (/home/frank/.vscode-server/bin/5e805b79fcb6ba4c2d23712967df89a089da575b/out/vs/workbench/api/node/extensionHostProcess.js:96:106867)
	at c.h (/home/frank/.vscode-server/bin/5e805b79fcb6ba4c2d23712967df89a089da575b/out/vs/workbench/api/node/extensionHostProcess.js:96:108784)
	at c.g (/home/frank/.vscode-server/bin/5e805b79fcb6ba4c2d23712967df89a089da575b/out/vs/workbench/api/node/extensionHostProcess.js:96:107674)
	at c.executeCommand (/home/frank/.vscode-server/bin/5e805b79fcb6ba4c2d23712967df89a089da575b/out/vs/workbench/api/node/extensionHostProcess.js:96:107574)
	at Object.executeCommand (/home/frank/.vscode-server/bin/5e805b79fcb6ba4c2d23712967df89a089da575b/out/vs/workbench/api/node/extensionHostProcess.js:117:30781)
	at D (/home/frank/.vscode-server/bin/5e805b79fcb6ba4c2d23712967df89a089da575b/extensions/git/dist/main.js:2:1467127)
	at f.invoke (/home/frank/.vscode-server/bin/5e805b79fcb6ba4c2d23712967df89a089da575b/out/vs/workbench/api/node/extensionHostProcess.js:63:145)
	at m.deliver (/home/frank/.vscode-server/bin/5e805b79fcb6ba4c2d23712967df89a089da575b/out/vs/workbench/api/node/extensionHostProcess.js:63:2066)
	at d.fire (/home/frank/.vscode-server/bin/5e805b79fcb6ba4c2d23712967df89a089da575b/out/vs/workbench/api/node/extensionHostProcess.js:63:1704)
	at Object.m [as dispose] (/home/frank/.vscode-server/bin/5e805b79fcb6ba4c2d23712967df89a089da575b/extensions/git/dist/main.js:2:1481856)
	at /home/frank/.vscode-server/bin/5e805b79fcb6ba4c2d23712967df89a089da575b/extensions/git/dist/main.js:2:1485923
	at Array.forEach (<anonymous>)
	at g.dispose (/home/frank/.vscode-server/bin/5e805b79fcb6ba4c2d23712967df89a089da575b/extensions/git/dist/main.js:2:1485909)
	at D.<anonymous> (/home/frank/.vscode-server/bin/5e805b79fcb6ba4c2d23712967df89a089da575b/out/vs/workbench/api/node/extensionHostProcess.js:94:12431)
	at D.dispose (/home/frank/.vscode-server/bin/5e805b79fcb6ba4c2d23712967df89a089da575b/out/vs/workbench/api/node/extensionHostProcess.js:94:12566)
	at D.<anonymous> (/home/frank/.vscode-server/bin/5e805b79fcb6ba4c2d23712967df89a089da575b/extensions/git/dist/main.js:2:1469257)
	at D.dispose (/home/frank/.vscode-server/bin/5e805b79fcb6ba4c2d23712967df89a089da575b/out/vs/workbench/api/node/extensionHostProcess.js:94:12566)
	at k (/home/frank/.vscode-server/bin/5e805b79fcb6ba4c2d23712967df89a089da575b/out/vs/workbench/api/node/extensionHostProcess.js:10:12074)
	at f.X (/home/frank/.vscode-server/bin/5e805b79fcb6ba4c2d23712967df89a089da575b/out/vs/workbench/api/node/extensionHostProcess.js:108:11284)
	at /home/frank/.vscode-server/bin/5e805b79fcb6ba4c2d23712967df89a089da575b/out/vs/workbench/api/node/extensionHostProcess.js:108:9088
	at Array.map (<anonymous>)
	at f.Q (/home/frank/.vscode-server/bin/5e805b79fcb6ba4c2d23712967df89a089da575b/out/vs/workbench/api/node/extensionHostProcess.js:108:9075)
	at f.terminate (/home/frank/.vscode-server/bin/5e805b79fcb6ba4c2d23712967df89a089da575b/out/vs/workbench/api/node/extensionHostProcess.js:108:9347)
	at u.terminate (/home/frank/.vscode-server/bin/5e805b79fcb6ba4c2d23712967df89a089da575b/out/vs/workbench/api/node/extensionHostProcess.js:112:1397)
	at p (/home/frank/.vscode-server/bin/5e805b79fcb6ba4c2d23712967df89a089da575b/out/vs/workbench/api/node/extensionHostProcess.js:122:18592)
	at /home/frank/.vscode-server/bin/5e805b79fcb6ba4c2d23712967df89a089da575b/out/vs/workbench/api/node/extensionHostProcess.js:122:16502
	at f.invoke (/home/frank/.vscode-server/bin/5e805b79fcb6ba4c2d23712967df89a089da575b/out/vs/workbench/api/node/extensionHostProcess.js:63:145)
	at m.deliver (/home/frank/.vscode-server/bin/5e805b79fcb6ba4c2d23712967df89a089da575b/out/vs/workbench/api/node/extensionHostProcess.js:63:2066)
	at d.fire (/home/frank/.vscode-server/bin/5e805b79fcb6ba4c2d23712967df89a089da575b/out/vs/workbench/api/node/extensionHostProcess.js:63:1704)
	at p.fire (/home/frank/.vscode-server/bin/5e805b79fcb6ba4c2d23712967df89a089da575b/out/vs/workbench/api/node/extensionHostProcess.js:72:14907)
	at t.E (/home/frank/.vscode-server/bin/5e805b79fcb6ba4c2d23712967df89a089da575b/out/vs/workbench/api/node/extensionHostProcess.js:72:18973)
	at /home/frank/.vscode-server/bin/5e805b79fcb6ba4c2d23712967df89a089da575b/out/vs/workbench/api/node/extensionHostProcess.js:72:16961
	at f.invoke (/home/frank/.vscode-server/bin/5e805b79fcb6ba4c2d23712967df89a089da575b/out/vs/workbench/api/node/extensionHostProcess.js:63:145)
	at m.deliver (/home/frank/.vscode-server/bin/5e805b79fcb6ba4c2d23712967df89a089da575b/out/vs/workbench/api/node/extensionHostProcess.js:63:2066)
	at d.fire (/home/frank/.vscode-server/bin/5e805b79fcb6ba4c2d23712967df89a089da575b/out/vs/workbench/api/node/extensionHostProcess.js:63:1704)
	at u.acceptChunk (/home/frank/.vscode-server/bin/5e805b79fcb6ba4c2d23712967df89a089da575b/out/vs/workbench/api/node/extensionHostProcess.js:72:12638)
	at /home/frank/.vscode-server/bin/5e805b79fcb6ba4c2d23712967df89a089da575b/out/vs/workbench/api/node/extensionHostProcess.js:72:11925
	at f.invoke (/home/frank/.vscode-server/bin/5e805b79fcb6ba4c2d23712967df89a089da575b/out/vs/workbench/api/node/extensionHostProcess.js:63:145)
	at m.deliver (/home/frank/.vscode-server/bin/5e805b79fcb6ba4c2d23712967df89a089da575b/out/vs/workbench/api/node/extensionHostProcess.js:63:2066)
	at d.fire (/home/frank/.vscode-server/bin/5e805b79fcb6ba4c2d23712967df89a089da575b/out/vs/workbench/api/node/extensionHostProcess.js:63:1704)
	at d.u (/home/frank/.vscode-server/bin/5e805b79fcb6ba4c2d23712967df89a089da575b/out/vs/workbench/api/node/extensionHostProcess.js:72:28911)
	at d.acceptFrame (/home/frank/.vscode-server/bin/5e805b79fcb6ba4c2d23712967df89a089da575b/out/vs/workbench/api/node/extensionHostProcess.js:72:28717)
	at f.l (/home/frank/.vscode-server/bin/5e805b79fcb6ba4c2d23712967df89a089da575b/out/vs/workbench/api/node/extensionHostProcess.js:72:27304)
	at /home/frank/.vscode-server/bin/5e805b79fcb6ba4c2d23712967df89a089da575b/out/vs/workbench/api/node/extensionHostProcess.js:72:24627
	at Socket.t (/home/frank/.vscode-server/bin/5e805b79fcb6ba4c2d23712967df89a089da575b/out/vs/workbench/api/node/extensionHostProcess.js:72:22461)
	at Socket.emit (node:events:526:28)
	at addChunk (node:internal/streams/readable:315:12)
	at readableAddChunk (node:internal/streams/readable:289:9)
	at Socket.Readable.push (node:internal/streams/readable:228:10)
	at TCP.onStreamRead (node:internal/stream_base_commons:190:23) setContext undefined
2023-03-11 17:54:20.261 [info] Extension host with pid 5423 exiting with code 0
