2023-03-11 17:58:19.911 [info] Log level: Info
2023-03-11 17:58:19.911 [info] Validating found git in: "git"
2023-03-11 17:58:19.911 [info] Using git "2.39.2" from "git"
2023-03-11 17:58:19.912 [info] > git rev-parse --show-toplevel [120ms]
2023-03-11 17:58:19.912 [info] fatal: not a git repository (or any of the parent directories): .git
2023-03-11 17:58:19.912 [info] > git rev-parse --show-toplevel [130ms]
2023-03-11 17:58:19.914 [info] > git rev-parse --git-dir --git-common-dir [34ms]
2023-03-11 17:58:19.956 [info] Open repository: /home/frank/.rbenv
2023-03-11 17:58:20.219 [info] > git config --get commit.template [34ms]
2023-03-11 17:58:21.787 [info] > git show --textconv :versions/2.7.4/lib/ruby/gems/2.7.0/gems/learn-lab-0.1.0/lib/learn_lab/vcs.rb [907ms]
2023-03-11 17:58:21.788 [info] > git ls-files --stage -- /home/frank/.rbenv/versions/2.7.4/lib/ruby/gems/2.7.0/gems/learn-lab-0.1.0/lib/learn_lab/vcs.rb [744ms]
2023-03-11 17:58:21.800 [info] > git for-each-ref --format=%(refname)%00%(upstream:short)%00%(objectname)%00%(upstream:track)%00%(upstream:remotename)%00%(upstream:remoteref) refs/heads/master refs/remotes/master [1369ms]
2023-03-11 17:58:21.955 [info] > git check-ignore -v -z --stdin [791ms]
2023-03-11 17:58:22.421 [info] > git status -z -uall [486ms]
2023-03-11 17:58:22.800 [info] > git config --get commit.template [28ms]
2023-03-11 17:58:23.577 [info] > git for-each-ref --format=%(refname)%00%(upstream:short)%00%(objectname)%00%(upstream:track)%00%(upstream:remotename)%00%(upstream:remoteref) refs/heads/master refs/remotes/master [198ms]
2023-03-11 17:58:23.863 [info] > git status -z -uall [81ms]
2023-03-11 18:00:11.273 [info] > git rev-parse --show-toplevel [50ms]
2023-03-11 18:00:11.274 [info] fatal: not a git repository (or any of the parent directories): .git
2023-03-11 18:00:13.576 [info] > git show --textconv :versions/2.7.4/lib/ruby/gems/2.7.0/gems/learn-lab-0.1.0/lib/learn_lab/vcs.rb [179ms]
2023-03-11 18:00:13.614 [info] > git ls-files --stage -- /home/frank/.rbenv/versions/2.7.4/lib/ruby/gems/2.7.0/gems/learn-lab-0.1.0/lib/learn_lab/vcs.rb [51ms]
2023-03-11 18:00:45.800 [info] > git show --textconv :versions/2.7.4/lib/ruby/gems/2.7.0/gems/learn-lab-0.1.0/exe/learn-lab [501ms]
2023-03-11 18:00:45.801 [info] > git ls-files --stage -- /home/frank/.rbenv/versions/2.7.4/lib/ruby/gems/2.7.0/gems/learn-lab-0.1.0/exe/learn-lab [230ms]
2023-03-11 18:00:45.829 [info] > git check-ignore -v -z --stdin [35ms]
2023-03-11 18:01:04.316 [info] > git rev-parse --show-toplevel [37ms]
2023-03-11 18:01:04.316 [info] fatal: not a git repository (or any of the parent directories): .git
2023-03-11 18:01:12.100 [info] > git rev-parse --show-toplevel [62ms]
2023-03-11 18:01:12.101 [info] fatal: not a git repository (or any of the parent directories): .git
